[*] Command ran: ./palera1n.sh --tweaks --semi-tethered 15.6.1
palera1n | Version 1.4.2-main-f049c56
Made with ❤ by Nebula, Mineek, Nathan, llsc12, Ploosh, and Nick Chan

[-] gaster not installed. Press any key to install it, or press ctrl + c to cancel
[*] Waiting for network
Archive:  gaster-Darwin.zip
  inflating: gaster                  
[-] pyimg4 not installed. Press any key to install it, or press ctrl + c to cancel
Collecting pyimg4
  Downloading pyimg4-0.7-py3-none-any.whl (13 kB)
Collecting asn1<3.0.0,>=2.6.0 (from pyimg4)
  Downloading asn1-2.7.0-py2.py3-none-any.whl (10 kB)
Collecting click<9.0.0,>=8.0.0 (from pyimg4)
  Downloading click-8.1.7-py3-none-any.whl (97 kB)
     ━━━━━━━━━━━━━━━━━━━━━━━━━━━━━━━━━━━━━━━ 97.9/97.9 kB 490.0 kB/s eta 0:00:00
Collecting pycryptodome<4.0.0,>=3.16.0 (from pyimg4)
  Downloading pycryptodome-3.18.0-cp35-abi3-macosx_10_9_universal2.whl (2.4 MB)
     ━━━━━━━━━━━━━━━━━━━━━━━━━━━━━━━━━━━━━━━━ 2.4/2.4 MB 3.2 MB/s eta 0:00:00
Collecting pyliblzfse<0.5.0,>=0.4.1 (from pyimg4)
  Downloading pyliblzfse-0.4.1.tar.gz (47 kB)
     ━━━━━━━━━━━━━━━━━━━━━━━━━━━━━━━━━━━━━━━━ 47.7/47.7 kB 4.5 MB/s eta 0:00:00
  Installing build dependencies: started
  Installing build dependencies: finished with status 'done'
  Getting requirements to build wheel: started
  Getting requirements to build wheel: finished with status 'done'
  Preparing metadata (pyproject.toml): started
  Preparing metadata (pyproject.toml): finished with status 'done'
Collecting pylzss<0.4.0,>=0.3.1 (from pyimg4)
  Downloading pylzss-0.3.1.tar.gz (25 kB)
  Installing build dependencies: started
  Installing build dependencies: finished with status 'done'
  Getting requirements to build wheel: started
  Getting requirements to build wheel: finished with status 'done'
  Preparing metadata (pyproject.toml): started
  Preparing metadata (pyproject.toml): finished with status 'done'
Collecting enum-compat (from asn1<3.0.0,>=2.6.0->pyimg4)
  Downloading enum_compat-0.0.3-py3-none-any.whl (1.3 kB)
Building wheels for collected packages: pyliblzfse, pylzss
  Building wheel for pyliblzfse (pyproject.toml): started
  Building wheel for pyliblzfse (pyproject.toml): finished with status 'done'
  Created wheel for pyliblzfse: filename=pyliblzfse-0.4.1-cp311-cp311-macosx_10_9_universal2.whl size=42074 sha256=f7ec70c45ffd654671337b3a29911808234266993da80674811f9b7f76c6c90e
  Stored in directory: /Users/polevskyy/Library/Caches/pip/wheels/c2/ac/53/c1a09197237c7053cb6884ac1841c275bb05339e246a5038c0
  Building wheel for pylzss (pyproject.toml): started
  Building wheel for pylzss (pyproject.toml): finished with status 'done'
  Created wheel for pylzss: filename=pylzss-0.3.1-cp311-cp311-macosx_10_9_universal2.whl size=26451 sha256=dbf566ad9d77f76ad1d1f7b9e0eadba5d55d62ee3b795b1b5d822eaa7ef8417d
  Stored in directory: /Users/polevskyy/Library/Caches/pip/wheels/d2/93/11/51b5a49e667eb0b26e9dad94f98c17d3c2ae598ce4e75d3e5b
Successfully built pyliblzfse pylzss
Installing collected packages: pylzss, pyliblzfse, enum-compat, pycryptodome, click, asn1, pyimg4
Successfully installed asn1-2.7.0 click-8.1.7 enum-compat-0.0.3 pycryptodome-3.18.0 pyimg4-0.7 pyliblzfse-0.4.1 pylzss-0.3.1

[notice] A new release of pip is available: 23.1.2 -> 23.2.1
[notice] To update, run: pip install --upgrade pip
[*] Waiting for devices
[*] Detected normal mode device
Hello, iPhone10,4 on 15.6.1!
[*] Switching device into recovery mode...
Telling device with udid 5d7c36542a4b8efc8fbbb794abbd9a697daa449e to enter recovery mode.
Device is successfully switching to recovery mode.
[*] Waiting for device in recovery mode
ERROR: Unable to connect to device
